1499073585077	geckodriver	INFO	Listening on 127.0.0.1:56749
1499073586105	geckodriver::marionette	INFO	Starting browser /Applications/Firefox.app/Contents/MacOS/firefox-bin with args ["-marionette"]
1499073588723	Marionette	INFO	Listening on port 56755
1499073588817	Marionette	WARN	TLS certificate errors will be ignored for this session
2017-07-03 21:19:49.449 plugin-container[15636:502114] *** CFMessagePort: bootstrap_register(): failed 1100 (0x44c) 'Permission denied', port = 0x8f3f, name = 'com.apple.tsm.portname'
See /usr/include/servers/bootstrap_defs.h for the error codes.
2017-07-03 21:19:49.452 plugin-container[15636:502114] *** CFMessagePort: bootstrap_register(): failed 1100 (0x44c) 'Permission denied', port = 0x521f, name = 'com.apple.CFPasteboardClient'
See /usr/include/servers/bootstrap_defs.h for the error codes.
2017-07-03 21:19:49.452 plugin-container[15636:502114] void __CFPasteboardSetup() : Failed to allocate communication port for com.apple.CFPasteboardClient; this is likely due to sandbox restrictions
1499073705720	geckodriver	INFO	Listening on 127.0.0.1:56990
1499073706789	geckodriver::marionette	INFO	Starting browser /Applications/Firefox.app/Contents/MacOS/firefox-bin with args ["-marionette"]
1499073709098	Marionette	INFO	Listening on port 56996
1499073709221	Marionette	WARN	TLS certificate errors will be ignored for this session
2017-07-03 21:21:49.739 plugin-container[15691:502898] *** CFMessagePort: bootstrap_register(): failed 1100 (0x44c) 'Permission denied', port = 0x8f3f, name = 'com.apple.tsm.portname'
See /usr/include/servers/bootstrap_defs.h for the error codes.
2017-07-03 21:21:49.742 plugin-container[15691:502898] *** CFMessagePort: bootstrap_register(): failed 1100 (0x44c) 'Permission denied', port = 0x911f, name = 'com.apple.CFPasteboardClient'
See /usr/include/servers/bootstrap_defs.h for the error codes.
2017-07-03 21:21:49.743 plugin-container[15691:502898] void __CFPasteboardSetup() : Failed to allocate communication port for com.apple.CFPasteboardClient; this is likely due to sandbox restrictions
1499073789530	geckodriver	INFO	Listening on 127.0.0.1:57219
1499073790597	geckodriver::marionette	INFO	Starting browser /Applications/Firefox.app/Contents/MacOS/firefox-bin with args ["-marionette"]
1499073792921	Marionette	INFO	Listening on port 57225
1499073793011	Marionette	WARN	TLS certificate errors will be ignored for this session
2017-07-03 21:23:13.577 plugin-container[15722:503479] *** CFMessagePort: bootstrap_register(): failed 1100 (0x44c) 'Permission denied', port = 0x8e3f, name = 'com.apple.tsm.portname'
See /usr/include/servers/bootstrap_defs.h for the error codes.
2017-07-03 21:23:13.580 plugin-container[15722:503479] *** CFMessagePort: bootstrap_register(): failed 1100 (0x44c) 'Permission denied', port = 0x511b, name = 'com.apple.CFPasteboardClient'
See /usr/include/servers/bootstrap_defs.h for the error codes.
2017-07-03 21:23:13.580 plugin-container[15722:503479] void __CFPasteboardSetup() : Failed to allocate communication port for com.apple.CFPasteboardClient; this is likely due to sandbox restrictions
1499074145357	geckodriver	INFO	Listening on 127.0.0.1:57348
1499074146430	geckodriver::marionette	INFO	Starting browser /Applications/Firefox.app/Contents/MacOS/firefox-bin with args ["-marionette"]
1499074148827	Marionette	INFO	Listening on port 57354
1499074148925	Marionette	WARN	TLS certificate errors will be ignored for this session
2017-07-03 21:29:09.610 plugin-container[15914:505265] *** CFMessagePort: bootstrap_register(): failed 1100 (0x44c) 'Permission denied', port = 0x8d3f, name = 'com.apple.tsm.portname'
See /usr/include/servers/bootstrap_defs.h for the error codes.
2017-07-03 21:29:09.614 plugin-container[15914:505265] *** CFMessagePort: bootstrap_register(): failed 1100 (0x44c) 'Permission denied', port = 0x5107, name = 'com.apple.CFPasteboardClient'
See /usr/include/servers/bootstrap_defs.h for the error codes.
2017-07-03 21:29:09.614 plugin-container[15914:505265] void __CFPasteboardSetup() : Failed to allocate communication port for com.apple.CFPasteboardClient; this is likely due to sandbox restrictions

###!!! [Child][MessageChannel] Error: (msgtype=0x4A0001,name=PCrashReporter::Msg_AnnotateCrashReport) Channel error: cannot send/recv

Crash Annotation GraphicsCriticalError: |[C0][GFX1-]: Receive IPC close with reason=AbnormalShutdown (t=3.23477) 
###!!! [Child][MessageChannel] Error: (msgtype=0x4400C6,name=PContent::Msg_GraphicsError) Channel error: cannot send/recv

[GFX1-]: Receive IPC close with reason=AbnormalShutdown
1499074813832	geckodriver	INFO	Listening on 127.0.0.1:57467
1499074814893	geckodriver::marionette	INFO	Starting browser /Applications/Firefox.app/Contents/MacOS/firefox-bin with args ["-marionette"]
1499074817336	Marionette	INFO	Listening on port 57473
1499074817424	Marionette	WARN	TLS certificate errors will be ignored for this session
2017-07-03 21:40:17.989 plugin-container[16188:508298] *** CFMessagePort: bootstrap_register(): failed 1100 (0x44c) 'Permission denied', port = 0x913f, name = 'com.apple.tsm.portname'
See /usr/include/servers/bootstrap_defs.h for the error codes.
2017-07-03 21:40:17.993 plugin-container[16188:508298] *** CFMessagePort: bootstrap_register(): failed 1100 (0x44c) 'Permission denied', port = 0x5323, name = 'com.apple.CFPasteboardClient'
See /usr/include/servers/bootstrap_defs.h for the error codes.
2017-07-03 21:40:17.993 plugin-container[16188:508298] void __CFPasteboardSetup() : Failed to allocate communication port for com.apple.CFPasteboardClient; this is likely due to sandbox restrictions
1499074924518	geckodriver	INFO	Listening on 127.0.0.1:57581
1499074925607	geckodriver::marionette	INFO	Starting browser /Applications/Firefox.app/Contents/MacOS/firefox-bin with args ["-marionette"]
1499074927864	Marionette	INFO	Listening on port 57588
1499074927948	Marionette	WARN	TLS certificate errors will be ignored for this session
2017-07-03 21:42:08.506 plugin-container[16241:508957] *** CFMessagePort: bootstrap_register(): failed 1100 (0x44c) 'Permission denied', port = 0x913f, name = 'com.apple.tsm.portname'
See /usr/include/servers/bootstrap_defs.h for the error codes.
2017-07-03 21:42:08.509 plugin-container[16241:508957] *** CFMessagePort: bootstrap_register(): failed 1100 (0x44c) 'Permission denied', port = 0x921f, name = 'com.apple.CFPasteboardClient'
See /usr/include/servers/bootstrap_defs.h for the error codes.
2017-07-03 21:42:08.509 plugin-container[16241:508957] void __CFPasteboardSetup() : Failed to allocate communication port for com.apple.CFPasteboardClient; this is likely due to sandbox restrictions
1499074993052	geckodriver	INFO	Listening on 127.0.0.1:57710
1499074994115	geckodriver::marionette	INFO	Starting browser /Applications/Firefox.app/Contents/MacOS/firefox-bin with args ["-marionette"]
1499074996402	Marionette	INFO	Listening on port 57716
1499074996533	Marionette	WARN	TLS certificate errors will be ignored for this session
2017-07-03 21:43:17.042 plugin-container[16261:509435] *** CFMessagePort: bootstrap_register(): failed 1100 (0x44c) 'Permission denied', port = 0x8f3f, name = 'com.apple.tsm.portname'
See /usr/include/servers/bootstrap_defs.h for the error codes.
2017-07-03 21:43:17.045 plugin-container[16261:509435] *** CFMessagePort: bootstrap_register(): failed 1100 (0x44c) 'Permission denied', port = 0x5317, name = 'com.apple.CFPasteboardClient'
See /usr/include/servers/bootstrap_defs.h for the error codes.
2017-07-03 21:43:17.046 plugin-container[16261:509435] void __CFPasteboardSetup() : Failed to allocate communication port for com.apple.CFPasteboardClient; this is likely due to sandbox restrictions
1499075064367	geckodriver	INFO	Listening on 127.0.0.1:57831
1499075065434	geckodriver::marionette	INFO	Starting browser /Applications/Firefox.app/Contents/MacOS/firefox-bin with args ["-marionette"]
1499075067696	Marionette	INFO	Listening on port 57837
1499075067787	Marionette	WARN	TLS certificate errors will be ignored for this session
2017-07-03 21:44:28.485 plugin-container[16283:510080] *** CFMessagePort: bootstrap_register(): failed 1100 (0x44c) 'Permission denied', port = 0x903f, name = 'com.apple.tsm.portname'
See /usr/include/servers/bootstrap_defs.h for the error codes.
2017-07-03 21:44:28.489 plugin-container[16283:510080] *** CFMessagePort: bootstrap_register(): failed 1100 (0x44c) 'Permission denied', port = 0x4f1b, name = 'com.apple.CFPasteboardClient'
See /usr/include/servers/bootstrap_defs.h for the error codes.
2017-07-03 21:44:28.489 plugin-container[16283:510080] void __CFPasteboardSetup() : Failed to allocate communication port for com.apple.CFPasteboardClient; this is likely due to sandbox restrictions
1499075213159	geckodriver	INFO	Listening on 127.0.0.1:58045
1499075214219	geckodriver::marionette	INFO	Starting browser /Applications/Firefox.app/Contents/MacOS/firefox-bin with args ["-marionette"]
1499075216467	Marionette	INFO	Listening on port 58052
1499075216557	Marionette	WARN	TLS certificate errors will be ignored for this session
2017-07-03 21:46:57.117 plugin-container[16331:511009] *** CFMessagePort: bootstrap_register(): failed 1100 (0x44c) 'Permission denied', port = 0x8b3f, name = 'com.apple.tsm.portname'
See /usr/include/servers/bootstrap_defs.h for the error codes.
2017-07-03 21:46:57.121 plugin-container[16331:511009] *** CFMessagePort: bootstrap_register(): failed 1100 (0x44c) 'Permission denied', port = 0x4f0f, name = 'com.apple.CFPasteboardClient'
See /usr/include/servers/bootstrap_defs.h for the error codes.
2017-07-03 21:46:57.121 plugin-container[16331:511009] void __CFPasteboardSetup() : Failed to allocate communication port for com.apple.CFPasteboardClient; this is likely due to sandbox restrictions
1499075251697	geckodriver	INFO	Listening on 127.0.0.1:58167
1499075252760	geckodriver::marionette	INFO	Starting browser /Applications/Firefox.app/Contents/MacOS/firefox-bin with args ["-marionette"]
1499075255093	Marionette	INFO	Listening on port 58173
1499075255176	Marionette	WARN	TLS certificate errors will be ignored for this session
2017-07-03 21:47:35.741 plugin-container[16358:511537] *** CFMessagePort: bootstrap_register(): failed 1100 (0x44c) 'Permission denied', port = 0x913f, name = 'com.apple.tsm.portname'
See /usr/include/servers/bootstrap_defs.h for the error codes.
2017-07-03 21:47:35.741 plugin-container[16358:511537] *** CFMessagePort: bootstrap_register(): failed 1100 (0x44c) 'Permission denied', port = 0x931f, name = 'com.apple.CFPasteboardClient'
See /usr/include/servers/bootstrap_defs.h for the error codes.
2017-07-03 21:47:35.742 plugin-container[16358:511537] void __CFPasteboardSetup() : Failed to allocate communication port for com.apple.CFPasteboardClient; this is likely due to sandbox restrictions
1499075397852	geckodriver	INFO	Listening on 127.0.0.1:58432
1499075398925	geckodriver::marionette	INFO	Starting browser /Applications/Firefox.app/Contents/MacOS/firefox-bin with args ["-marionette"]
1499075401407	Marionette	INFO	Listening on port 58438
1499075401534	Marionette	WARN	TLS certificate errors will be ignored for this session
2017-07-03 21:50:02.054 plugin-container[16395:512474] *** CFMessagePort: bootstrap_register(): failed 1100 (0x44c) 'Permission denied', port = 0x8f3f, name = 'com.apple.tsm.portname'
See /usr/include/servers/bootstrap_defs.h for the error codes.
2017-07-03 21:50:02.058 plugin-container[16395:512474] *** CFMessagePort: bootstrap_register(): failed 1100 (0x44c) 'Permission denied', port = 0x9123, name = 'com.apple.CFPasteboardClient'
See /usr/include/servers/bootstrap_defs.h for the error codes.
2017-07-03 21:50:02.058 plugin-container[16395:512474] void __CFPasteboardSetup() : Failed to allocate communication port for com.apple.CFPasteboardClient; this is likely due to sandbox restrictions
1499075850007	geckodriver	INFO	Listening on 127.0.0.1:58725
1499075851070	geckodriver::marionette	INFO	Starting browser /Applications/Firefox.app/Contents/MacOS/firefox-bin with args ["-marionette"]
1499075853777	Marionette	INFO	Listening on port 58731
1499075853904	Marionette	WARN	TLS certificate errors will be ignored for this session
2017-07-03 21:57:34.455 plugin-container[16473:514526] *** CFMessagePort: bootstrap_register(): failed 1100 (0x44c) 'Permission denied', port = 0x8d3f, name = 'com.apple.tsm.portname'
See /usr/include/servers/bootstrap_defs.h for the error codes.
2017-07-03 21:57:34.459 plugin-container[16473:514526] *** CFMessagePort: bootstrap_register(): failed 1100 (0x44c) 'Permission denied', port = 0x8f1f, name = 'com.apple.CFPasteboardClient'
See /usr/include/servers/bootstrap_defs.h for the error codes.
2017-07-03 21:57:34.460 plugin-container[16473:514526] void __CFPasteboardSetup() : Failed to allocate communication port for com.apple.CFPasteboardClient; this is likely due to sandbox restrictions
1499075967812	geckodriver	INFO	Listening on 127.0.0.1:58862
1499075968918	geckodriver::marionette	INFO	Starting browser /Applications/Firefox.app/Contents/MacOS/firefox-bin with args ["-marionette"]
1499075971704	Marionette	INFO	Listening on port 58868
1499075971801	Marionette	WARN	TLS certificate errors will be ignored for this session
2017-07-03 21:59:32.518 plugin-container[16493:515367] *** CFMessagePort: bootstrap_register(): failed 1100 (0x44c) 'Permission denied', port = 0x8e33, name = 'com.apple.tsm.portname'
See /usr/include/servers/bootstrap_defs.h for the error codes.
2017-07-03 21:59:32.521 plugin-container[16493:515367] *** CFMessagePort: bootstrap_register(): failed 1100 (0x44c) 'Permission denied', port = 0x4963, name = 'com.apple.CFPasteboardClient'
See /usr/include/servers/bootstrap_defs.h for the error codes.
2017-07-03 21:59:32.521 plugin-container[16493:515367] void __CFPasteboardSetup() : Failed to allocate communication port for com.apple.CFPasteboardClient; this is likely due to sandbox restrictions
1499081100439	geckodriver	INFO	Listening on 127.0.0.1:59145
1499081101506	geckodriver::marionette	INFO	Starting browser /Applications/Firefox.app/Contents/MacOS/firefox-bin with args ["-marionette"]
1499081103885	Marionette	INFO	Listening on port 59151
1499081104015	Marionette	WARN	TLS certificate errors will be ignored for this session
2017-07-03 23:25:04.566 plugin-container[16740:524850] *** CFMessagePort: bootstrap_register(): failed 1100 (0x44c) 'Permission denied', port = 0x8f3f, name = 'com.apple.tsm.portname'
See /usr/include/servers/bootstrap_defs.h for the error codes.
2017-07-03 23:25:04.570 plugin-container[16740:524850] *** CFMessagePort: bootstrap_register(): failed 1100 (0x44c) 'Permission denied', port = 0x911f, name = 'com.apple.CFPasteboardClient'
See /usr/include/servers/bootstrap_defs.h for the error codes.
2017-07-03 23:25:04.570 plugin-container[16740:524850] void __CFPasteboardSetup() : Failed to allocate communication port for com.apple.CFPasteboardClient; this is likely due to sandbox restrictions
1499081128121	geckodriver	INFO	Listening on 127.0.0.1:59238
1499081129194	geckodriver::marionette	INFO	Starting browser /Applications/Firefox.app/Contents/MacOS/firefox-bin with args ["-marionette"]
1499081131671	Marionette	INFO	Listening on port 59244
1499081131751	Marionette	WARN	TLS certificate errors will be ignored for this session
2017-07-03 23:25:32.310 plugin-container[16771:525225] *** CFMessagePort: bootstrap_register(): failed 1100 (0x44c) 'Permission denied', port = 0x8d3f, name = 'com.apple.tsm.portname'
See /usr/include/servers/bootstrap_defs.h for the error codes.
2017-07-03 23:25:32.311 plugin-container[16771:525225] *** CFMessagePort: bootstrap_register(): failed 1100 (0x44c) 'Permission denied', port = 0x4a23, name = 'com.apple.CFPasteboardClient'
See /usr/include/servers/bootstrap_defs.h for the error codes.
2017-07-03 23:25:32.311 plugin-container[16771:525225] void __CFPasteboardSetup() : Failed to allocate communication port for com.apple.CFPasteboardClient; this is likely due to sandbox restrictions
1499081174988	geckodriver	INFO	Listening on 127.0.0.1:59360
1499081176053	geckodriver::marionette	INFO	Starting browser /Applications/Firefox.app/Contents/MacOS/firefox-bin with args ["-marionette"]
1499081178666	Marionette	INFO	Listening on port 59366
1499081178787	Marionette	WARN	TLS certificate errors will be ignored for this session
2017-07-03 23:26:19.339 plugin-container[16800:525656] *** CFMessagePort: bootstrap_register(): failed 1100 (0x44c) 'Permission denied', port = 0x8f3f, name = 'com.apple.tsm.portname'
See /usr/include/servers/bootstrap_defs.h for the error codes.
2017-07-03 23:26:19.342 plugin-container[16800:525656] *** CFMessagePort: bootstrap_register(): failed 1100 (0x44c) 'Permission denied', port = 0x911f, name = 'com.apple.CFPasteboardClient'
See /usr/include/servers/bootstrap_defs.h for the error codes.
2017-07-03 23:26:19.343 plugin-container[16800:525656] void __CFPasteboardSetup() : Failed to allocate communication port for com.apple.CFPasteboardClient; this is likely due to sandbox restrictions
1499081206374	geckodriver	INFO	Listening on 127.0.0.1:59486
1499081207462	geckodriver::marionette	INFO	Starting browser /Applications/Firefox.app/Contents/MacOS/firefox-bin with args ["-marionette"]
1499081210200	Marionette	INFO	Listening on port 59492
1499081210282	Marionette	WARN	TLS certificate errors will be ignored for this session
2017-07-03 23:26:50.843 plugin-container[16835:526103] *** CFMessagePort: bootstrap_register(): failed 1100 (0x44c) 'Permission denied', port = 0x8f3f, name = 'com.apple.tsm.portname'
See /usr/include/servers/bootstrap_defs.h for the error codes.
2017-07-03 23:26:50.844 plugin-container[16835:526103] *** CFMessagePort: bootstrap_register(): failed 1100 (0x44c) 'Permission denied', port = 0x911f, name = 'com.apple.CFPasteboardClient'
See /usr/include/servers/bootstrap_defs.h for the error codes.
2017-07-03 23:26:50.844 plugin-container[16835:526103] void __CFPasteboardSetup() : Failed to allocate communication port for com.apple.CFPasteboardClient; this is likely due to sandbox restrictions
1499081222228	geckodriver	INFO	Listening on 127.0.0.1:59610
1499081223291	geckodriver::marionette	INFO	Starting browser /Applications/Firefox.app/Contents/MacOS/firefox-bin with args ["-marionette"]
1499081225660	Marionette	INFO	Listening on port 59616
1499081225737	Marionette	WARN	TLS certificate errors will be ignored for this session
2017-07-03 23:27:06.275 plugin-container[16856:526472] *** CFMessagePort: bootstrap_register(): failed 1100 (0x44c) 'Permission denied', port = 0x8d3f, name = 'com.apple.tsm.portname'
See /usr/include/servers/bootstrap_defs.h for the error codes.
2017-07-03 23:27:06.276 plugin-container[16856:526472] *** CFMessagePort: bootstrap_register(): failed 1100 (0x44c) 'Permission denied', port = 0x8f1f, name = 'com.apple.CFPasteboardClient'
See /usr/include/servers/bootstrap_defs.h for the error codes.
2017-07-03 23:27:06.276 plugin-container[16856:526472] void __CFPasteboardSetup() : Failed to allocate communication port for com.apple.CFPasteboardClient; this is likely due to sandbox restrictions
1499081288988	addons.productaddons	WARN	Failed downloading via XHR, status: 0, reason: error

###!!! [Child][MessageChannel] Error: (msgtype=0x4400A8,name=PContent::Msg_ConsoleMessage) Channel closing: too late to send/recv, messages will be lost

1499081291152	geckodriver	INFO	Listening on 127.0.0.1:59744
1499081292206	geckodriver::marionette	INFO	Starting browser /Applications/Firefox.app/Contents/MacOS/firefox-bin with args ["-marionette"]
1499081294536	Marionette	INFO	Listening on port 59750
1499081294630	Marionette	WARN	TLS certificate errors will be ignored for this session
2017-07-03 23:28:15.170 plugin-container[16887:527000] *** CFMessagePort: bootstrap_register(): failed 1100 (0x44c) 'Permission denied', port = 0x904b, name = 'com.apple.tsm.portname'
See /usr/include/servers/bootstrap_defs.h for the error codes.
2017-07-03 23:28:15.174 plugin-container[16887:527000] *** CFMessagePort: bootstrap_register(): failed 1100 (0x44c) 'Permission denied', port = 0x5307, name = 'com.apple.CFPasteboardClient'
See /usr/include/servers/bootstrap_defs.h for the error codes.
2017-07-03 23:28:15.174 plugin-container[16887:527000] void __CFPasteboardSetup() : Failed to allocate communication port for com.apple.CFPasteboardClient; this is likely due to sandbox restrictions
1499081368253	geckodriver	INFO	Listening on 127.0.0.1:59871
1499081369330	geckodriver::marionette	INFO	Starting browser /Applications/Firefox.app/Contents/MacOS/firefox-bin with args ["-marionette"]
1499081371811	Marionette	INFO	Listening on port 59877
1499081371886	Marionette	WARN	TLS certificate errors will be ignored for this session
2017-07-03 23:29:32.441 plugin-container[16923:527529] *** CFMessagePort: bootstrap_register(): failed 1100 (0x44c) 'Permission denied', port = 0x903f, name = 'com.apple.tsm.portname'
See /usr/include/servers/bootstrap_defs.h for the error codes.
2017-07-03 23:29:32.445 plugin-container[16923:527529] *** CFMessagePort: bootstrap_register(): failed 1100 (0x44c) 'Permission denied', port = 0x5407, name = 'com.apple.CFPasteboardClient'
See /usr/include/servers/bootstrap_defs.h for the error codes.
2017-07-03 23:29:32.445 plugin-container[16923:527529] void __CFPasteboardSetup() : Failed to allocate communication port for com.apple.CFPasteboardClient; this is likely due to sandbox restrictions
1499081420716	geckodriver	INFO	Listening on 127.0.0.1:60000
1499081421789	geckodriver::marionette	INFO	Starting browser /Applications/Firefox.app/Contents/MacOS/firefox-bin with args ["-marionette"]
1499081424327	Marionette	INFO	Listening on port 60006
1499081424444	Marionette	WARN	TLS certificate errors will be ignored for this session
2017-07-03 23:30:24.939 plugin-container[16970:528042] *** CFMessagePort: bootstrap_register(): failed 1100 (0x44c) 'Permission denied', port = 0x8e3b, name = 'com.apple.tsm.portname'
See /usr/include/servers/bootstrap_defs.h for the error codes.
2017-07-03 23:30:24.940 plugin-container[16970:528042] *** CFMessagePort: bootstrap_register(): failed 1100 (0x44c) 'Permission denied', port = 0x900f, name = 'com.apple.CFPasteboardClient'
See /usr/include/servers/bootstrap_defs.h for the error codes.
2017-07-03 23:30:24.940 plugin-container[16970:528042] void __CFPasteboardSetup() : Failed to allocate communication port for com.apple.CFPasteboardClient; this is likely due to sandbox restrictions
1499081446183	geckodriver	INFO	Listening on 127.0.0.1:60090
1499081447238	geckodriver::marionette	INFO	Starting browser /Applications/Firefox.app/Contents/MacOS/firefox-bin with args ["-marionette"]
1499081449727	Marionette	INFO	Listening on port 60096
1499081449849	Marionette	WARN	TLS certificate errors will be ignored for this session
2017-07-03 23:30:50.374 plugin-container[16992:528409] *** CFMessagePort: bootstrap_register(): failed 1100 (0x44c) 'Permission denied', port = 0x913f, name = 'com.apple.tsm.portname'
See /usr/include/servers/bootstrap_defs.h for the error codes.
2017-07-03 23:30:50.377 plugin-container[16992:528409] *** CFMessagePort: bootstrap_register(): failed 1100 (0x44c) 'Permission denied', port = 0x4f13, name = 'com.apple.CFPasteboardClient'
See /usr/include/servers/bootstrap_defs.h for the error codes.
2017-07-03 23:30:50.378 plugin-container[16992:528409] void __CFPasteboardSetup() : Failed to allocate communication port for com.apple.CFPasteboardClient; this is likely due to sandbox restrictions
1499081626663	geckodriver	INFO	Listening on 127.0.0.1:60232
1499081627754	geckodriver::marionette	INFO	Starting browser /Applications/Firefox.app/Contents/MacOS/firefox-bin with args ["-marionette"]
1499081630850	Marionette	INFO	Listening on port 60238
1499081630954	Marionette	WARN	TLS certificate errors will be ignored for this session
2017-07-03 23:33:51.531 plugin-container[17030:529143] *** CFMessagePort: bootstrap_register(): failed 1100 (0x44c) 'Permission denied', port = 0x8d3f, name = 'com.apple.tsm.portname'
See /usr/include/servers/bootstrap_defs.h for the error codes.
2017-07-03 23:33:51.536 plugin-container[17030:529143] *** CFMessagePort: bootstrap_register(): failed 1100 (0x44c) 'Permission denied', port = 0x4e13, name = 'com.apple.CFPasteboardClient'
See /usr/include/servers/bootstrap_defs.h for the error codes.
2017-07-03 23:33:51.536 plugin-container[17030:529143] void __CFPasteboardSetup() : Failed to allocate communication port for com.apple.CFPasteboardClient; this is likely due to sandbox restrictions
1499081682898	geckodriver	INFO	Listening on 127.0.0.1:60365
1499081683969	geckodriver::marionette	INFO	Starting browser /Applications/Firefox.app/Contents/MacOS/firefox-bin with args ["-marionette"]
1499081686581	Marionette	INFO	Listening on port 60371
1499081686743	Marionette	WARN	TLS certificate errors will be ignored for this session
2017-07-03 23:34:47.448 plugin-container[17059:529667] *** CFMessagePort: bootstrap_register(): failed 1100 (0x44c) 'Permission denied', port = 0x903f, name = 'com.apple.tsm.portname'
See /usr/include/servers/bootstrap_defs.h for the error codes.
2017-07-03 23:34:47.449 plugin-container[17059:529667] *** CFMessagePort: bootstrap_register(): failed 1100 (0x44c) 'Permission denied', port = 0x5007, name = 'com.apple.CFPasteboardClient'
See /usr/include/servers/bootstrap_defs.h for the error codes.
2017-07-03 23:34:47.449 plugin-container[17059:529667] void __CFPasteboardSetup() : Failed to allocate communication port for com.apple.CFPasteboardClient; this is likely due to sandbox restrictions
1499081705201	geckodriver	INFO	Listening on 127.0.0.1:60468
1499081706257	geckodriver::marionette	INFO	Starting browser /Applications/Firefox.app/Contents/MacOS/firefox-bin with args ["-marionette"]
1499081708532	Marionette	INFO	Listening on port 60474
1499081708609	Marionette	WARN	TLS certificate errors will be ignored for this session
2017-07-03 23:35:09.174 plugin-container[17086:530037] *** CFMessagePort: bootstrap_register(): failed 1100 (0x44c) 'Permission denied', port = 0x913f, name = 'com.apple.tsm.portname'
See /usr/include/servers/bootstrap_defs.h for the error codes.
2017-07-03 23:35:09.179 plugin-container[17086:530037] *** CFMessagePort: bootstrap_register(): failed 1100 (0x44c) 'Permission denied', port = 0x9323, name = 'com.apple.CFPasteboardClient'
See /usr/include/servers/bootstrap_defs.h for the error codes.
2017-07-03 23:35:09.180 plugin-container[17086:530037] void __CFPasteboardSetup() : Failed to allocate communication port for com.apple.CFPasteboardClient; this is likely due to sandbox restrictions
1499081768506	addons.productaddons	WARN	Failed downloading XML, status: 0, reason: error
1499081772541	geckodriver	INFO	Listening on 127.0.0.1:60602
1499081773639	geckodriver::marionette	INFO	Starting browser /Applications/Firefox.app/Contents/MacOS/firefox-bin with args ["-marionette"]
1499081776482	Marionette	INFO	Listening on port 60608
1499081776651	Marionette	WARN	TLS certificate errors will be ignored for this session
2017-07-03 23:36:17.436 plugin-container[17129:530639] *** CFMessagePort: bootstrap_register(): failed 1100 (0x44c) 'Permission denied', port = 0x8e3b, name = 'com.apple.tsm.portname'
See /usr/include/servers/bootstrap_defs.h for the error codes.
2017-07-03 23:36:17.443 plugin-container[17129:530639] *** CFMessagePort: bootstrap_register(): failed 1100 (0x44c) 'Permission denied', port = 0x9123, name = 'com.apple.CFPasteboardClient'
See /usr/include/servers/bootstrap_defs.h for the error codes.
2017-07-03 23:36:17.443 plugin-container[17129:530639] void __CFPasteboardSetup() : Failed to allocate communication port for com.apple.CFPasteboardClient; this is likely due to sandbox restrictions
1499081889707	geckodriver	INFO	Listening on 127.0.0.1:60803
1499081890792	geckodriver::marionette	INFO	Starting browser /Applications/Firefox.app/Contents/MacOS/firefox-bin with args ["-marionette"]
1499081894140	Marionette	INFO	Listening on port 60809
1499081894243	Marionette	WARN	TLS certificate errors will be ignored for this session
2017-07-03 23:38:14.859 plugin-container[17153:531422] *** CFMessagePort: bootstrap_register(): failed 1100 (0x44c) 'Permission denied', port = 0x8f3f, name = 'com.apple.tsm.portname'
See /usr/include/servers/bootstrap_defs.h for the error codes.
2017-07-03 23:38:14.862 plugin-container[17153:531422] *** CFMessagePort: bootstrap_register(): failed 1100 (0x44c) 'Permission denied', port = 0x911f, name = 'com.apple.CFPasteboardClient'
See /usr/include/servers/bootstrap_defs.h for the error codes.
2017-07-03 23:38:14.862 plugin-container[17153:531422] void __CFPasteboardSetup() : Failed to allocate communication port for com.apple.CFPasteboardClient; this is likely due to sandbox restrictions
1499081929708	geckodriver	INFO	Listening on 127.0.0.1:60943
1499081930779	geckodriver::marionette	INFO	Starting browser /Applications/Firefox.app/Contents/MacOS/firefox-bin with args ["-marionette"]
1499081933399	Marionette	INFO	Listening on port 60949
1499081933503	Marionette	WARN	TLS certificate errors will be ignored for this session
2017-07-03 23:38:54.040 plugin-container[17189:531916] *** CFMessagePort: bootstrap_register(): failed 1100 (0x44c) 'Permission denied', port = 0x8f3f, name = 'com.apple.tsm.portname'
See /usr/include/servers/bootstrap_defs.h for the error codes.
2017-07-03 23:38:54.041 plugin-container[17189:531916] *** CFMessagePort: bootstrap_register(): failed 1100 (0x44c) 'Permission denied', port = 0x521b, name = 'com.apple.CFPasteboardClient'
See /usr/include/servers/bootstrap_defs.h for the error codes.
2017-07-03 23:38:54.041 plugin-container[17189:531916] void __CFPasteboardSetup() : Failed to allocate communication port for com.apple.CFPasteboardClient; this is likely due to sandbox restrictions
1499082332815	geckodriver	INFO	Listening on 127.0.0.1:61215
1499082333893	geckodriver::marionette	INFO	Starting browser /Applications/Firefox.app/Contents/MacOS/firefox-bin with args ["-marionette"]
1499082336764	Marionette	INFO	Listening on port 61221
1499082336846	Marionette	WARN	TLS certificate errors will be ignored for this session
2017-07-03 23:45:37.513 plugin-container[17287:534672] *** CFMessagePort: bootstrap_register(): failed 1100 (0x44c) 'Permission denied', port = 0x9037, name = 'com.apple.tsm.portname'
See /usr/include/servers/bootstrap_defs.h for the error codes.
2017-07-03 23:45:37.516 plugin-container[17287:534672] *** CFMessagePort: bootstrap_register(): failed 1100 (0x44c) 'Permission denied', port = 0x540b, name = 'com.apple.CFPasteboardClient'
See /usr/include/servers/bootstrap_defs.h for the error codes.
2017-07-03 23:45:37.516 plugin-container[17287:534672] void __CFPasteboardSetup() : Failed to allocate communication port for com.apple.CFPasteboardClient; this is likely due to sandbox restrictions
1499082894483	geckodriver	INFO	Listening on 127.0.0.1:61372
1499082895579	geckodriver::marionette	INFO	Starting browser /Applications/Firefox.app/Contents/MacOS/firefox-bin with args ["-marionette"]
1499082898977	Marionette	INFO	Listening on port 61378
1499082899072	Marionette	WARN	TLS certificate errors will be ignored for this session
2017-07-03 23:54:59.740 plugin-container[17358:537130] *** CFMessagePort: bootstrap_register(): failed 1100 (0x44c) 'Permission denied', port = 0x8b3f, name = 'com.apple.tsm.portname'
See /usr/include/servers/bootstrap_defs.h for the error codes.
2017-07-03 23:54:59.743 plugin-container[17358:537130] *** CFMessagePort: bootstrap_register(): failed 1100 (0x44c) 'Permission denied', port = 0x4d0f, name = 'com.apple.CFPasteboardClient'
See /usr/include/servers/bootstrap_defs.h for the error codes.
2017-07-03 23:54:59.743 plugin-container[17358:537130] void __CFPasteboardSetup() : Failed to allocate communication port for com.apple.CFPasteboardClient; this is likely due to sandbox restrictions
1499082949894	geckodriver	INFO	Listening on 127.0.0.1:62160
1499082950975	geckodriver::marionette	INFO	Starting browser /Applications/Firefox.app/Contents/MacOS/firefox-bin with args ["-marionette"]
1499082953803	Marionette	INFO	Listening on port 62166
1499082953906	Marionette	WARN	TLS certificate errors will be ignored for this session
2017-07-03 23:55:54.542 plugin-container[17387:537639] *** CFMessagePort: bootstrap_register(): failed 1100 (0x44c) 'Permission denied', port = 0x8d3f, name = 'com.apple.tsm.portname'
See /usr/include/servers/bootstrap_defs.h for the error codes.
2017-07-03 23:55:54.543 plugin-container[17387:537639] *** CFMessagePort: bootstrap_register(): failed 1100 (0x44c) 'Permission denied', port = 0x940f, name = 'com.apple.CFPasteboardClient'
See /usr/include/servers/bootstrap_defs.h for the error codes.
2017-07-03 23:55:54.543 plugin-container[17387:537639] void __CFPasteboardSetup() : Failed to allocate communication port for com.apple.CFPasteboardClient; this is likely due to sandbox restrictions
1499083069591	geckodriver	INFO	Listening on 127.0.0.1:62949
1499083070664	geckodriver::marionette	INFO	Starting browser /Applications/Firefox.app/Contents/MacOS/firefox-bin with args ["-marionette"]
1499083073478	Marionette	INFO	Listening on port 62955
1499083073557	Marionette	WARN	TLS certificate errors will be ignored for this session
2017-07-03 23:57:54.140 plugin-container[17429:538452] *** CFMessagePort: bootstrap_register(): failed 1100 (0x44c) 'Permission denied', port = 0x903f, name = 'com.apple.tsm.portname'
See /usr/include/servers/bootstrap_defs.h for the error codes.
2017-07-03 23:57:54.144 plugin-container[17429:538452] *** CFMessagePort: bootstrap_register(): failed 1100 (0x44c) 'Permission denied', port = 0x9323, name = 'com.apple.CFPasteboardClient'
See /usr/include/servers/bootstrap_defs.h for the error codes.
2017-07-03 23:57:54.144 plugin-container[17429:538452] void __CFPasteboardSetup() : Failed to allocate communication port for com.apple.CFPasteboardClient; this is likely due to sandbox restrictions
1499083941243	geckodriver	INFO	Listening on 127.0.0.1:63781
1499083942318	geckodriver::marionette	INFO	Starting browser /Applications/Firefox.app/Contents/MacOS/firefox-bin with args ["-marionette"]
1499083944873	Marionette	INFO	Listening on port 63787
1499083944964	Marionette	WARN	TLS certificate errors will be ignored for this session
2017-07-04 00:12:25.546 plugin-container[17575:541592] *** CFMessagePort: bootstrap_register(): failed 1100 (0x44c) 'Permission denied', port = 0x8d3f, name = 'com.apple.tsm.portname'
See /usr/include/servers/bootstrap_defs.h for the error codes.
2017-07-04 00:12:25.549 plugin-container[17575:541592] *** CFMessagePort: bootstrap_register(): failed 1100 (0x44c) 'Permission denied', port = 0x901f, name = 'com.apple.CFPasteboardClient'
See /usr/include/servers/bootstrap_defs.h for the error codes.
2017-07-04 00:12:25.549 plugin-container[17575:541592] void __CFPasteboardSetup() : Failed to allocate communication port for com.apple.CFPasteboardClient; this is likely due to sandbox restrictions
1499084111152	geckodriver	INFO	Listening on 127.0.0.1:63878
1499084112249	geckodriver::marionette	INFO	Starting browser /Applications/Firefox.app/Contents/MacOS/firefox-bin with args ["-marionette"]
1499084115021	Marionette	INFO	Listening on port 63884
1499084115100	Marionette	WARN	TLS certificate errors will be ignored for this session
2017-07-04 00:15:15.683 plugin-container[17618:542413] *** CFMessagePort: bootstrap_register(): failed 1100 (0x44c) 'Permission denied', port = 0x913f, name = 'com.apple.tsm.portname'
See /usr/include/servers/bootstrap_defs.h for the error codes.
2017-07-04 00:15:15.687 plugin-container[17618:542413] *** CFMessagePort: bootstrap_register(): failed 1100 (0x44c) 'Permission denied', port = 0x5427, name = 'com.apple.CFPasteboardClient'
See /usr/include/servers/bootstrap_defs.h for the error codes.
2017-07-04 00:15:15.687 plugin-container[17618:542413] void __CFPasteboardSetup() : Failed to allocate communication port for com.apple.CFPasteboardClient; this is likely due to sandbox restrictions
1499084146162	geckodriver	INFO	Listening on 127.0.0.1:63972
1499084147280	geckodriver::marionette	INFO	Starting browser /Applications/Firefox.app/Contents/MacOS/firefox-bin with args ["-marionette"]
1499084150301	Marionette	INFO	Listening on port 63978
1499084150418	Marionette	WARN	TLS certificate errors will be ignored for this session
2017-07-04 00:15:51.077 plugin-container[17640:542797] *** CFMessagePort: bootstrap_register(): failed 1100 (0x44c) 'Permission denied', port = 0x8d3f, name = 'com.apple.tsm.portname'
See /usr/include/servers/bootstrap_defs.h for the error codes.
2017-07-04 00:15:51.078 plugin-container[17640:542797] *** CFMessagePort: bootstrap_register(): failed 1100 (0x44c) 'Permission denied', port = 0x5107, name = 'com.apple.CFPasteboardClient'
See /usr/include/servers/bootstrap_defs.h for the error codes.
2017-07-04 00:15:51.078 plugin-container[17640:542797] void __CFPasteboardSetup() : Failed to allocate communication port for com.apple.CFPasteboardClient; this is likely due to sandbox restrictions
1499084158929	geckodriver	INFO	Listening on 127.0.0.1:64070
1499084160028	geckodriver::marionette	INFO	Starting browser /Applications/Firefox.app/Contents/MacOS/firefox-bin with args ["-marionette"]
1499084163149	Marionette	INFO	Listening on port 64076
1499084163258	Marionette	WARN	TLS certificate errors will be ignored for this session
2017-07-04 00:16:03.918 plugin-container[17669:543047] *** CFMessagePort: bootstrap_register(): failed 1100 (0x44c) 'Permission denied', port = 0x8f3f, name = 'com.apple.tsm.portname'
See /usr/include/servers/bootstrap_defs.h for the error codes.
2017-07-04 00:16:03.918 plugin-container[17669:543047] *** CFMessagePort: bootstrap_register(): failed 1100 (0x44c) 'Permission denied', port = 0x500f, name = 'com.apple.CFPasteboardClient'
See /usr/include/servers/bootstrap_defs.h for the error codes.
2017-07-04 00:16:03.918 plugin-container[17669:543047] void __CFPasteboardSetup() : Failed to allocate communication port for com.apple.CFPasteboardClient; this is likely due to sandbox restrictions
1499084312792	geckodriver	INFO	Listening on 127.0.0.1:64180
1499084313892	geckodriver::marionette	INFO	Starting browser /Applications/Firefox.app/Contents/MacOS/firefox-bin with args ["-marionette"]
1499084316900	Marionette	INFO	Listening on port 64186
1499084316982	Marionette	WARN	TLS certificate errors will be ignored for this session
2017-07-04 00:18:37.553 plugin-container[17713:543745] *** CFMessagePort: bootstrap_register(): failed 1100 (0x44c) 'Permission denied', port = 0x8e3f, name = 'com.apple.tsm.portname'
See /usr/include/servers/bootstrap_defs.h for the error codes.
2017-07-04 00:18:37.557 plugin-container[17713:543745] *** CFMessagePort: bootstrap_register(): failed 1100 (0x44c) 'Permission denied', port = 0x910f, name = 'com.apple.CFPasteboardClient'
See /usr/include/servers/bootstrap_defs.h for the error codes.
2017-07-04 00:18:37.557 plugin-container[17713:543745] void __CFPasteboardSetup() : Failed to allocate communication port for com.apple.CFPasteboardClient; this is likely due to sandbox restrictions
1499084392008	geckodriver	INFO	Listening on 127.0.0.1:64700
1499084393118	geckodriver::marionette	INFO	Starting browser /Applications/Firefox.app/Contents/MacOS/firefox-bin with args ["-marionette"]
1499084395942	Marionette	INFO	Listening on port 64706
1499084396050	Marionette	WARN	TLS certificate errors will be ignored for this session
2017-07-04 00:19:56.639 plugin-container[17749:544383] *** CFMessagePort: bootstrap_register(): failed 1100 (0x44c) 'Permission denied', port = 0x913f, name = 'com.apple.tsm.portname'
See /usr/include/servers/bootstrap_defs.h for the error codes.
2017-07-04 00:19:56.642 plugin-container[17749:544383] *** CFMessagePort: bootstrap_register(): failed 1100 (0x44c) 'Permission denied', port = 0x9323, name = 'com.apple.CFPasteboardClient'
See /usr/include/servers/bootstrap_defs.h for the error codes.
2017-07-04 00:19:56.642 plugin-container[17749:544383] void __CFPasteboardSetup() : Failed to allocate communication port for com.apple.CFPasteboardClient; this is likely due to sandbox restrictions
1499084643411	geckodriver	INFO	Listening on 127.0.0.1:49592
1499084644486	geckodriver::marionette	INFO	Starting browser /Applications/Firefox.app/Contents/MacOS/firefox-bin with args ["-marionette"]
1499084646918	Marionette	INFO	Listening on port 49598
1499084647016	Marionette	WARN	TLS certificate errors will be ignored for this session
2017-07-04 00:24:07.553 plugin-container[17823:545599] *** CFMessagePort: bootstrap_register(): failed 1100 (0x44c) 'Permission denied', port = 0x8f3f, name = 'com.apple.tsm.portname'
See /usr/include/servers/bootstrap_defs.h for the error codes.
2017-07-04 00:24:07.558 plugin-container[17823:545599] *** CFMessagePort: bootstrap_register(): failed 1100 (0x44c) 'Permission denied', port = 0x5123, name = 'com.apple.CFPasteboardClient'
See /usr/include/servers/bootstrap_defs.h for the error codes.
2017-07-04 00:24:07.558 plugin-container[17823:545599] void __CFPasteboardSetup() : Failed to allocate communication port for com.apple.CFPasteboardClient; this is likely due to sandbox restrictions
